\BOOKMARK [1][-]{section.1}{Introducci\363n}{}% 1
\BOOKMARK [1][-]{section.2}{Marco te\363rico}{}% 2
\BOOKMARK [2][-]{subsection.2.1}{Variables f\355sicas involucradas en un micro-invernadero}{section.2}% 3
\BOOKMARK [3][-]{subsubsection.2.1.1}{Temperatura \(fuera y dentro del invernadero\)}{subsection.2.1}% 4
\BOOKMARK [3][-]{subsubsection.2.1.2}{Humedad relativa \(fuera y dentro del invernadero\)}{subsection.2.1}% 5
\BOOKMARK [3][-]{subsubsection.2.1.3}{Luz o radiaci\363n solar \(fuera y dentro del invernadero\)}{subsection.2.1}% 6
\BOOKMARK [3][-]{subsubsection.2.1.4}{Ventilaci\363n}{subsection.2.1}% 7
\BOOKMARK [3][-]{subsubsection.2.1.5}{Humedad de suelo}{subsection.2.1}% 8
\BOOKMARK [3][-]{subsubsection.2.1.6}{Temperatura de suelo}{subsection.2.1}% 9
\BOOKMARK [3][-]{subsubsection.2.1.7}{Localizaci\363n}{subsection.2.1}% 10
\BOOKMARK [2][-]{subsection.2.2}{Monitor de sensores}{section.2}% 11
\BOOKMARK [3][-]{subsubsection.2.2.1}{MQTT broker}{subsection.2.2}% 12
\BOOKMARK [3][-]{subsubsection.2.2.2}{Telegraf}{subsection.2.2}% 13
\BOOKMARK [3][-]{subsubsection.2.2.3}{InfluxDB}{subsection.2.2}% 14
\BOOKMARK [3][-]{subsubsection.2.2.4}{Grafana}{subsection.2.2}% 15
\BOOKMARK [2][-]{subsection.2.3}{Topolog\355as empleadas en el modelado de sistemas}{section.2}% 16
\BOOKMARK [3][-]{subsubsection.2.3.1}{Modelado convencional}{subsection.2.3}% 17
\BOOKMARK [3][-]{subsubsection.2.3.2}{Redes neuronales empleadas como m\351todos alternativos}{subsection.2.3}% 18
\BOOKMARK [1][-]{section.3}{Planteamiento del problema}{}% 19
\BOOKMARK [1][-]{section.4}{Antecedentes}{}% 20
\BOOKMARK [1][-]{section.5}{Hip\363tesis}{}% 21
\BOOKMARK [1][-]{section.6}{Objetivo}{}% 22
\BOOKMARK [2][-]{subsection.6.1}{Objetivos espec\355ficos}{section.6}% 23
\BOOKMARK [1][-]{section.7}{Justificaci\363n}{}% 24
\BOOKMARK [2][-]{subsection.7.1}{Referentes mexicanos}{section.7}% 25
\BOOKMARK [1][-]{section.8}{Limitantes}{}% 26
\BOOKMARK [2][-]{subsection.8.1}{Limitaciones en el campo de modelado con redes neuronales}{section.8}% 27
\BOOKMARK [1][-]{section.9}{Desarrollo}{}% 28
\BOOKMARK [2][-]{subsection.9.1}{Modelado de sistemas}{section.9}% 29
\BOOKMARK [2][-]{subsection.9.2}{Topolog\355as encontrados en los campos de aprendizaje de maquinas }{section.9}% 30
\BOOKMARK [3][-]{subsubsection.9.2.1}{Modelos utilizando algoritmos de referencia.}{subsection.9.2}% 31
\BOOKMARK [2][-]{subsection.9.3}{Pasos a seguir en el entrenamiento de una red neuronal}{section.9}% 32
\BOOKMARK [3][-]{subsubsection.9.3.1}{Algoritmos de optimizaci\363n}{subsection.9.3}% 33
\BOOKMARK [2][-]{subsection.9.4}{An\341lisis de resultados para distintos casos y arquitecturas}{section.9}% 34
\BOOKMARK [2][-]{subsection.9.5}{Configuraciones del monitor}{section.9}% 35
\BOOKMARK [3][-]{subsubsection.9.5.1}{Configuraci\363n MQTT broker}{subsection.9.5}% 36
\BOOKMARK [3][-]{subsubsection.9.5.2}{Configuraci\363n general}{subsection.9.5}% 37
\BOOKMARK [1][-]{section.10}{Referencias}{}% 38
\BOOKMARK [1][-]{section.11}{Anexos}{}% 39
\BOOKMARK [2][-]{subsection.11.1}{Cronograma}{section.11}% 40
