This is pdfTeX, Version 3.14159265-2.6-1.40.20 (TeX Live 2019/Debian) (preloaded format=pdflatex 2021.10.15)  30 DEC 2021 00:07
entering extended mode
 \write18 enabled.
 %&-line parsing enabled.
**main.tex
(./main.tex
LaTeX2e <2020-02-02> patch level 2
L3 programming layer <2020-02-14>
(./formato/header.tex (/usr/share/texlive/texmf-dist/tex/latex/base/article.cls
Document Class: article 2019/12/20 v1.4l Standard LaTeX document class
(/usr/share/texlive/texmf-dist/tex/latex/base/size11.clo
File: size11.clo 2019/12/20 v1.4l Standard LaTeX file (size option)
)
\c@part=\count167
\c@section=\count168
\c@subsection=\count169
\c@subsubsection=\count170
\c@paragraph=\count171
\c@subparagraph=\count172
\c@figure=\count173
\c@table=\count174
\abovecaptionskip=\skip47
\belowcaptionskip=\skip48
\bibindent=\dimen134
)
(/usr/share/texlive/texmf-dist/tex/latex/booktabs/booktabs.sty
Package: booktabs 2020/01/12 v1.61803398 Publication quality tables
\heavyrulewidth=\dimen135
\lightrulewidth=\dimen136
\cmidrulewidth=\dimen137
\belowrulesep=\dimen138
\belowbottomsep=\dimen139
\aboverulesep=\dimen140
\abovetopsep=\dimen141
\cmidrulesep=\dimen142
\cmidrulekern=\dimen143
\defaultaddspace=\dimen144
\@cmidla=\count175
\@cmidlb=\count176
\@aboverulesep=\dimen145
\@belowrulesep=\dimen146
\@thisruleclass=\count177
\@lastruleclass=\count178
\@thisrulewidth=\dimen147
)
(/usr/share/texlive/texmf-dist/tex/latex/base/inputenc.sty
Package: inputenc 2018/08/11 v1.3c Input encoding file
\inpenc@prehook=\toks14
\inpenc@posthook=\toks15
)
(/usr/share/texlive/texmf-dist/tex/generic/babel/babel.sty
Package: babel 2020/02/14 3.40 The Babel package

(/usr/share/texlive/texmf-dist/tex/generic/babel/switch.def
File: switch.def 2020/02/14 3.40 Babel switching mechanism
)
(/usr/share/texlive/texmf-dist/tex/generic/babel-spanish/spanish.ldf
Language: spanish.ldf 2016/03/03 v5.0p Spanish support from the babel system

(/usr/share/texlive/texmf-dist/tex/generic/babel/babel.def
File: babel.def 2020/02/14 3.40 Babel common definitions
\babel@savecnt=\count179
\U@D=\dimen148

(/usr/share/texlive/texmf-dist/tex/generic/babel/txtbabel.def)
\bbl@readstream=\read2
\bbl@dirlevel=\count180
)
\es@quottoks=\toks16
\es@quotdepth=\count181
Package babel Info: Making " an active character on input line 561.
Package babel Info: Making . an active character on input line 662.
Package babel Info: Making < an active character on input line 707.
Package babel Info: Making > an active character on input line 707.
))
(/usr/share/texlive/texmf-dist/tex/latex/float/float.sty
Package: float 2001/11/08 v1.3d Float enhancements (AL)
\c@float@type=\count182
\float@exts=\toks17
\float@box=\box45
\@float@everytoks=\toks18
\@floatcapt=\box46
)
(/usr/share/texlive/texmf-dist/tex/latex/parskip/parskip.sty
Package: parskip 2020-01-22 v2.0d non-zero parskip adjustments

(/usr/share/texlive/texmf-dist/tex/latex/kvoptions/kvoptions.sty
Package: kvoptions 2019/11/29 v3.13 Key value format for package options (HO)

(/usr/share/texlive/texmf-dist/tex/latex/graphics/keyval.sty
Package: keyval 2014/10/28 v1.15 key=value parser (DPC)
\KV@toks@=\toks19
)
(/usr/share/texlive/texmf-dist/tex/generic/ltxcmds/ltxcmds.sty
Package: ltxcmds 2019/12/15 v1.24 LaTeX kernel commands for general use (HO)
)
(/usr/share/texlive/texmf-dist/tex/generic/kvsetkeys/kvsetkeys.sty
Package: kvsetkeys 2019/12/15 v1.18 Key value parser (HO)
))
(/usr/share/texlive/texmf-dist/tex/latex/etoolbox/etoolbox.sty
Package: etoolbox 2019/09/21 v2.5h e-TeX tools for LaTeX (JAW)
\etb@tempcnta=\count183
))
(/usr/share/texlive/texmf-dist/tex/latex/hyperref/hyperref.sty
Package: hyperref 2020/01/14 v7.00d Hypertext links for LaTeX

(/usr/share/texlive/texmf-dist/tex/generic/iftex/iftex.sty
Package: iftex 2019/11/07 v1.0c TeX engine tests
)
(/usr/share/texlive/texmf-dist/tex/latex/pdftexcmds/pdftexcmds.sty
Package: pdftexcmds 2019/11/24 v0.31 Utility functions of pdfTeX for LuaTeX (HO
)

(/usr/share/texlive/texmf-dist/tex/generic/infwarerr/infwarerr.sty
Package: infwarerr 2019/12/03 v1.5 Providing info/warning/error messages (HO)
)
Package pdftexcmds Info: \pdf@primitive is available.
Package pdftexcmds Info: \pdf@ifprimitive is available.
Package pdftexcmds Info: \pdfdraftmode found.
)
(/usr/share/texlive/texmf-dist/tex/generic/kvdefinekeys/kvdefinekeys.sty
Package: kvdefinekeys 2019-12-19 v1.6 Define keys (HO)
)
(/usr/share/texlive/texmf-dist/tex/generic/pdfescape/pdfescape.sty
Package: pdfescape 2019/12/09 v1.15 Implements pdfTeX's escape features (HO)
)
(/usr/share/texlive/texmf-dist/tex/latex/hycolor/hycolor.sty
Package: hycolor 2020-01-27 v1.10 Color options for hyperref/bookmark (HO)
)
(/usr/share/texlive/texmf-dist/tex/latex/letltxmacro/letltxmacro.sty
Package: letltxmacro 2019/12/03 v1.6 Let assignment for LaTeX macros (HO)
)
(/usr/share/texlive/texmf-dist/tex/latex/auxhook/auxhook.sty
Package: auxhook 2019-12-17 v1.6 Hooks for auxiliary files (HO)
)
\@linkdim=\dimen149
\Hy@linkcounter=\count184
\Hy@pagecounter=\count185

(/usr/share/texlive/texmf-dist/tex/latex/hyperref/pd1enc.def
File: pd1enc.def 2020/01/14 v7.00d Hyperref: PDFDocEncoding definition (HO)
Now handling font encoding PD1 ...
... no UTF-8 mapping file for font encoding PD1
)
(/usr/share/texlive/texmf-dist/tex/generic/intcalc/intcalc.sty
Package: intcalc 2019/12/15 v1.3 Expandable calculations with integers (HO)
)
(/usr/share/texlive/texmf-dist/tex/generic/etexcmds/etexcmds.sty
Package: etexcmds 2019/12/15 v1.7 Avoid name clashes with e-TeX commands (HO)
)
\Hy@SavedSpaceFactor=\count186
\pdfmajorversion=\count187
Package hyperref Info: Hyper figures OFF on input line 4547.
Package hyperref Info: Link nesting OFF on input line 4552.
Package hyperref Info: Hyper index ON on input line 4555.
Package hyperref Info: Plain pages OFF on input line 4562.
Package hyperref Info: Backreferencing OFF on input line 4567.
Package hyperref Info: Implicit mode ON; LaTeX internals redefined.
Package hyperref Info: Bookmarks ON on input line 4800.
\c@Hy@tempcnt=\count188

(/usr/share/texlive/texmf-dist/tex/latex/url/url.sty
\Urlmuskip=\muskip16
Package: url 2013/09/16  ver 3.4  Verb mode for urls, etc.
)
LaTeX Info: Redefining \url on input line 5159.
\XeTeXLinkMargin=\dimen150

(/usr/share/texlive/texmf-dist/tex/generic/bitset/bitset.sty
Package: bitset 2019/12/09 v1.3 Handle bit-vector datatype (HO)

(/usr/share/texlive/texmf-dist/tex/generic/bigintcalc/bigintcalc.sty
Package: bigintcalc 2019/12/15 v1.5 Expandable calculations on big integers (HO
)
))
\Fld@menulength=\count189
\Field@Width=\dimen151
\Fld@charsize=\dimen152
Package hyperref Info: Hyper figures OFF on input line 6430.
Package hyperref Info: Link nesting OFF on input line 6435.
Package hyperref Info: Hyper index ON on input line 6438.
Package hyperref Info: backreferencing OFF on input line 6445.
Package hyperref Info: Link coloring OFF on input line 6450.
Package hyperref Info: Link coloring with OCG OFF on input line 6455.
Package hyperref Info: PDF/A mode OFF on input line 6460.
LaTeX Info: Redefining \ref on input line 6500.
LaTeX Info: Redefining \pageref on input line 6504.

(/usr/share/texlive/texmf-dist/tex/generic/atbegshi/atbegshi.sty
Package: atbegshi 2019/12/05 v1.19 At begin shipout hook (HO)
)
\Hy@abspage=\count190
\c@Item=\count191
\c@Hfootnote=\count192
)
Package hyperref Info: Driver (autodetected): hpdftex.

(/usr/share/texlive/texmf-dist/tex/latex/hyperref/hpdftex.def
File: hpdftex.def 2020/01/14 v7.00d Hyperref driver for pdfTeX

(/usr/share/texlive/texmf-dist/tex/latex/atveryend/atveryend.sty
Package: atveryend 2019-12-11 v1.11 Hooks at the very end of document (HO)
)
\Fld@listcount=\count193
\c@bookmark@seq@number=\count194

(/usr/share/texlive/texmf-dist/tex/latex/rerunfilecheck/rerunfilecheck.sty
Package: rerunfilecheck 2019/12/05 v1.9 Rerun checks for auxiliary files (HO)

(/usr/share/texlive/texmf-dist/tex/generic/uniquecounter/uniquecounter.sty
Package: uniquecounter 2019/12/15 v1.4 Provide unlimited unique counter (HO)
)
Package uniquecounter Info: New unique counter `rerunfilecheck' on input line 2
86.
)
\Hy@SectionHShift=\skip49
)
(/usr/share/texlive/texmf-dist/tex/latex/geometry/geometry.sty
Package: geometry 2020/01/02 v5.9 Page Geometry

(/usr/share/texlive/texmf-dist/tex/generic/iftex/ifvtex.sty
Package: ifvtex 2019/10/25 v1.7 ifvtex legacy package. Use iftex instead.
)
\Gm@cnth=\count195
\Gm@cntv=\count196
\c@Gm@tempcnt=\count197
\Gm@bindingoffset=\dimen153
\Gm@wd@mp=\dimen154
\Gm@odd@mp=\dimen155
\Gm@even@mp=\dimen156
\Gm@layoutwidth=\dimen157
\Gm@layoutheight=\dimen158
\Gm@layouthoffset=\dimen159
\Gm@layoutvoffset=\dimen160
\Gm@dimlist=\toks20
)
(/usr/share/texlive/texmf-dist/tex/latex/tools/array.sty
Package: array 2019/08/31 v2.4l Tabular extension package (FMi)
\col@sep=\dimen161
\ar@mcellbox=\box47
\extrarowheight=\dimen162
\NC@list=\toks21
\extratabsurround=\skip50
\backup@length=\skip51
\ar@cellbox=\box48
)
(/usr/share/texlive/texmf-dist/tex/latex/tools/tabularx.sty
Package: tabularx 2020/01/15 v2.11c `tabularx' package (DPC)
\TX@col@width=\dimen163
\TX@old@table=\dimen164
\TX@old@col=\dimen165
\TX@target=\dimen166
\TX@delta=\dimen167
\TX@cols=\count198
\TX@ftn=\toks22
)
(/usr/share/texlive/texmf-dist/tex/latex/graphics/graphicx.sty
Package: graphicx 2019/11/30 v1.2a Enhanced LaTeX Graphics (DPC,SPQR)

(/usr/share/texlive/texmf-dist/tex/latex/graphics/graphics.sty
Package: graphics 2019/11/30 v1.4a Standard LaTeX Graphics (DPC,SPQR)

(/usr/share/texlive/texmf-dist/tex/latex/graphics/trig.sty
Package: trig 2016/01/03 v1.10 sin cos tan (DPC)
)
(/usr/share/texlive/texmf-dist/tex/latex/graphics-cfg/graphics.cfg
File: graphics.cfg 2016/06/04 v1.11 sample graphics configuration
)
Package graphics Info: Driver file: pdftex.def on input line 105.

(/usr/share/texlive/texmf-dist/tex/latex/graphics-def/pdftex.def
File: pdftex.def 2018/01/08 v1.0l Graphics/color driver for pdftex
))
\Gin@req@height=\dimen168
\Gin@req@width=\dimen169
)
(/usr/share/texlive/texmf-dist/tex/latex/caption/subcaption.sty
Package: subcaption 2020/01/22 v1.3d Sub-captions (AR)

(/usr/share/texlive/texmf-dist/tex/latex/caption/caption.sty
Package: caption 2020/01/03 v3.4h Customizing captions (AR)

(/usr/share/texlive/texmf-dist/tex/latex/caption/caption3.sty
Package: caption3 2020/01/03 v1.8h caption3 kernel (AR)
Package caption3 Info: TeX engine: e-TeX on input line 61.
\captionmargin=\dimen170
\captionmargin@=\dimen171
\captionwidth=\dimen172
\caption@tempdima=\dimen173
\caption@indent=\dimen174
\caption@parindent=\dimen175
\caption@hangindent=\dimen176
Package caption Info: Standard document class detected.
)
\c@caption@flags=\count199
\c@continuedfloat=\count266
Package caption Info: float package is loaded.
Package caption Info: hyperref package is loaded.
)
\c@subfigure=\count267
\c@subtable=\count268
)
(/usr/share/texlive/texmf-dist/tex/latex/amsmath/amsmath.sty
Package: amsmath 2020/01/20 v2.17e AMS math features
\@mathmargin=\skip52

For additional information on amsmath, use the `?' option.
(/usr/share/texlive/texmf-dist/tex/latex/amsmath/amstext.sty
Package: amstext 2000/06/29 v2.01 AMS text

(/usr/share/texlive/texmf-dist/tex/latex/amsmath/amsgen.sty
File: amsgen.sty 1999/11/30 v2.0 generic functions
\@emptytoks=\toks23
\ex@=\dimen177
))
(/usr/share/texlive/texmf-dist/tex/latex/amsmath/amsbsy.sty
Package: amsbsy 1999/11/29 v1.2d Bold Symbols
\pmbraise@=\dimen178
)
(/usr/share/texlive/texmf-dist/tex/latex/amsmath/amsopn.sty
Package: amsopn 2016/03/08 v2.02 operator names
)
\inf@bad=\count269
LaTeX Info: Redefining \frac on input line 227.
\uproot@=\count270
\leftroot@=\count271
LaTeX Info: Redefining \overline on input line 389.
\classnum@=\count272
\DOTSCASE@=\count273
LaTeX Info: Redefining \ldots on input line 486.
LaTeX Info: Redefining \dots on input line 489.
LaTeX Info: Redefining \cdots on input line 610.
\Mathstrutbox@=\box49
\strutbox@=\box50
\big@size=\dimen179
LaTeX Font Info:    Redeclaring font encoding OML on input line 733.
LaTeX Font Info:    Redeclaring font encoding OMS on input line 734.
\macc@depth=\count274
\c@MaxMatrixCols=\count275
\dotsspace@=\muskip17
\c@parentequation=\count276
\dspbrk@lvl=\count277
\tag@help=\toks24
\row@=\count278
\column@=\count279
\maxfields@=\count280
\andhelp@=\toks25
\eqnshift@=\dimen180
\alignsep@=\dimen181
\tagshift@=\dimen182
\tagwidth@=\dimen183
\totwidth@=\dimen184
\lineht@=\dimen185
\@envbody=\toks26
\multlinegap=\skip53
\multlinetaggap=\skip54
\mathdisplay@stack=\toks27
LaTeX Info: Redefining \[ on input line 2859.
LaTeX Info: Redefining \] on input line 2860.
)
(/usr/share/texlive/texmf-dist/tex/latex/adjustbox/adjustbox.sty
Package: adjustbox 2019/01/04 v1.2 Adjusting TeX boxes (trim, clip, ...)

(/usr/share/texlive/texmf-dist/tex/latex/xkeyval/xkeyval.sty
Package: xkeyval 2014/12/03 v2.7a package option processing (HA)

(/usr/share/texlive/texmf-dist/tex/generic/xkeyval/xkeyval.tex
(/usr/share/texlive/texmf-dist/tex/generic/xkeyval/xkvutils.tex
\XKV@toks=\toks28
\XKV@tempa@toks=\toks29
)
\XKV@depth=\count281
File: xkeyval.tex 2014/12/03 v2.7a key=value parser (HA)
))
(/usr/share/texlive/texmf-dist/tex/latex/adjustbox/adjcalc.sty
Package: adjcalc 2012/05/16 v1.1 Provides advanced setlength with multiple back
-ends (calc, etex, pgfmath)
)
(/usr/share/texlive/texmf-dist/tex/latex/adjustbox/trimclip.sty
Package: trimclip 2018/04/08 v1.1 Trim and clip general TeX material

(/usr/share/texlive/texmf-dist/tex/latex/collectbox/collectbox.sty
Package: collectbox 2012/05/17 v0.4b Collect macro arguments as boxes
\collectedbox=\box51
)
\tc@llx=\dimen186
\tc@lly=\dimen187
\tc@urx=\dimen188
\tc@ury=\dimen189
Package trimclip Info: Using driver 'tc-pdftex.def'.

(/usr/share/texlive/texmf-dist/tex/latex/adjustbox/tc-pdftex.def
File: tc-pdftex.def 2019/01/04 v2.2 Clipping driver for pdftex
))
\adjbox@Width=\dimen190
\adjbox@Height=\dimen191
\adjbox@Depth=\dimen192
\adjbox@Totalheight=\dimen193
\adjbox@pwidth=\dimen194
\adjbox@pheight=\dimen195
\adjbox@pdepth=\dimen196
\adjbox@ptotalheight=\dimen197

(/usr/share/texlive/texmf-dist/tex/latex/ifoddpage/ifoddpage.sty
Package: ifoddpage 2016/04/23 v1.1 Conditionals for odd/even page detection
\c@checkoddpage=\count282
)
(/usr/share/texlive/texmf-dist/tex/latex/varwidth/varwidth.sty
Package: varwidth 2009/03/30 ver 0.92;  Variable-width minipages
\@vwid@box=\box52
\sift@deathcycles=\count283
\@vwid@loff=\dimen198
\@vwid@roff=\dimen199
))
(/usr/share/texlive/texmf-dist/tex/latex/minted/minted.sty
Package: minted 2017/07/19 v2.5 Yet another Pygments shim for LaTeX

(/usr/share/texlive/texmf-dist/tex/latex/fvextra/fvextra.sty
Package: fvextra 2019/02/04 v1.4 fvextra - extensions and patches for fancyvrb

(/usr/share/texlive/texmf-dist/tex/latex/base/ifthen.sty
Package: ifthen 2014/09/29 v1.1c Standard LaTeX ifthen package (DPC)
)
(/usr/share/texlive/texmf-dist/tex/latex/fancyvrb/fancyvrb.sty
Package: fancyvrb 2020/01/13 v3.5 verbatim text (tvz,hv)
\FV@CodeLineNo=\count284
\FV@InFile=\read3
\FV@TabBox=\box53
\c@FancyVerbLine=\count285
\FV@StepNumber=\count286
\FV@OutFile=\write3
)
(/usr/share/texlive/texmf-dist/tex/latex/upquote/upquote.sty
Package: upquote 2012/04/19 v1.3 upright-quote and grave-accent glyphs in verba
tim
)
(/usr/share/texlive/texmf-dist/tex/latex/lineno/lineno.sty
Package: lineno 2005/11/02 line numbers on paragraphs v4.41
\linenopenalty=\count287
\output=\toks30
\linenoprevgraf=\count288
\linenumbersep=\dimen256
\linenumberwidth=\dimen257
\c@linenumber=\count289
\c@pagewiselinenumber=\count290
\c@LN@truepage=\count291
\c@internallinenumber=\count292
\c@internallinenumbers=\count293
\quotelinenumbersep=\dimen258
\bframerule=\dimen259
\bframesep=\dimen260
\bframebox=\box54
LaTeX Info: Redefining \\ on input line 3056.
)
\c@FV@TrueTabGroupLevel=\count294
\c@FV@TrueTabCounter=\count295
\FV@TabBox@Group=\box55
\FV@TmpLength=\skip55
\c@FV@HighlightLinesStart=\count296
\c@FV@HighlightLinesStop=\count297
\FV@LoopCount=\count298
\FV@NCharsBox=\box56
\FV@BreakIndent=\dimen261
\FV@BreakIndentNChars=\count299
\FV@BreakSymbolSepLeft=\dimen262
\FV@BreakSymbolSepLeftNChars=\count300
\FV@BreakSymbolSepRight=\dimen263
\FV@BreakSymbolSepRightNChars=\count301
\FV@BreakSymbolIndentLeft=\dimen264
\FV@BreakSymbolIndentLeftNChars=\count302
\FV@BreakSymbolIndentRight=\dimen265
\FV@BreakSymbolIndentRightNChars=\count303
\c@FancyVerbLineBreakLast=\count304
\FV@LineBox=\box57
\FV@LineIndentBox=\box58
\FV@LineWidth=\dimen266
)
(/usr/share/texlive/texmf-dist/tex/latex/tools/calc.sty
Package: calc 2017/05/25 v4.3 Infix arithmetic (KKT,FJ)
\calc@Acount=\count305
\calc@Bcount=\count306
\calc@Adimen=\dimen267
\calc@Bdimen=\dimen268
\calc@Askip=\skip56
\calc@Bskip=\skip57
LaTeX Info: Redefining \setlength on input line 80.
LaTeX Info: Redefining \addtolength on input line 81.
\calc@Ccount=\count307
\calc@Cskip=\skip58
)
(/usr/share/texlive/texmf-dist/tex/latex/tools/shellesc.sty
Package: shellesc 2019/11/08 v1.0c unified shell escape interface for LaTeX
Package shellesc Info: Unrestricted shell escape enabled on input line 75.
)
(/usr/share/texlive/texmf-dist/tex/latex/ifplatform/ifplatform.sty
Package: ifplatform 2017/10/13 v0.4a Testing for the operating system

(/usr/share/texlive/texmf-dist/tex/generic/catchfile/catchfile.sty
Package: catchfile 2019/12/09 v1.8 Catch the contents of a file (HO)
)
(/usr/share/texlive/texmf-dist/tex/generic/iftex/ifluatex.sty
Package: ifluatex 2019/10/25 v1.5 ifluatex legacy package. Use iftex instead.
)
runsystem(uname -s > "main.w18")...executed.

 (./main.w18)
runsystem(rm -- "main.w18")...executed.

)
(/usr/share/texlive/texmf-dist/tex/generic/xstring/xstring.sty
(/usr/share/texlive/texmf-dist/tex/generic/xstring/xstring.tex
\integerpart=\count308
\decimalpart=\count309
)
Package: xstring 2019/02/06 v1.83 String manipulations (CT)
)
(/usr/share/texlive/texmf-dist/tex/latex/framed/framed.sty
Package: framed 2011/10/22 v 0.96: framed or shaded text with page breaks
\OuterFrameSep=\skip59
\fb@frw=\dimen269
\fb@frh=\dimen270
\FrameRule=\dimen271
\FrameSep=\dimen272
)
\minted@appexistsfile=\read4
\minted@bgbox=\box59
\minted@code=\write4
\c@minted@FancyVerbLineTemp=\count310
\c@minted@pygmentizecounter=\count311
\@float@every@listing=\toks31
\c@listing=\count312
)
runsystem(mkdir -p _minted-main)...executed.


(/usr/share/texlive/texmf-dist/tex/latex/svg/svg.sty
Package: svg 2020/01/13 v2.02e (include SVG pictures)

(/usr/share/texlive/texmf-dist/tex/latex/koma-script/scrbase.sty
Package: scrbase 2020/01/24 v3.29 KOMA-Script package (KOMA-Script-independent 
basics and keyval usage)

(/usr/share/texlive/texmf-dist/tex/latex/koma-script/scrlfile.sty
Package: scrlfile 2020/01/24 v3.29 KOMA-Script package (loading files)
))
(/usr/share/texlive/texmf-dist/tex/latex/trimspaces/trimspaces.sty
Package: trimspaces 2009/09/17 v1.1 Trim spaces around a token list
)
\svg@box=\box60
\c@svg@param@lastpage=\count313
\c@svg@param@currpage=\count314
)
(/usr/share/texlive/texmf-dist/tex/latex/xcolor/xcolor.sty
Package: xcolor 2016/05/11 v2.12 LaTeX color extensions (UK)

(/usr/share/texlive/texmf-dist/tex/latex/graphics-cfg/color.cfg
File: color.cfg 2016/01/02 v1.6 sample color configuration
)
Package xcolor Info: Driver file: pdftex.def on input line 225.
Package xcolor Info: Model `cmy' substituted by `cmy0' on input line 1348.
Package xcolor Info: Model `hsb' substituted by `rgb' on input line 1352.
Package xcolor Info: Model `RGB' extended on input line 1364.
Package xcolor Info: Model `HTML' substituted by `rgb' on input line 1366.
Package xcolor Info: Model `Hsb' substituted by `hsb' on input line 1367.
Package xcolor Info: Model `tHsb' substituted by `hsb' on input line 1368.
Package xcolor Info: Model `HSB' substituted by `hsb' on input line 1369.
Package xcolor Info: Model `Gray' substituted by `gray' on input line 1370.
Package xcolor Info: Model `wave' substituted by `hsb' on input line 1371.
)
(/usr/share/texlive/texmf-dist/tex/latex/transparent/transparent.sty
Package: transparent 2019/11/29 v1.4 Transparency via pdfTeX's color stack (HO)

)
(/usr/share/texlive/texmf-dist/tex/latex/svg/svg-extract.sty
Package: svg-extract 2020/01/13 v2.02e (extract independent graphics from SVG p
ictures)
\c@svgx@runs=\count315
\c@svgx@out@count=\count316
\svgx@stream@in=\read5
\svgx@stream@out=\write5
)
(/usr/share/texlive/texmf-dist/tex/latex/fancyhdr/fancyhdr.sty
Package: fancyhdr 2019/01/31 v3.10 Extensive control of page headers and footer
s
\f@nch@headwidth=\skip60
\f@nch@O@elh=\skip61
\f@nch@O@erh=\skip62
\f@nch@O@olh=\skip63
\f@nch@O@orh=\skip64
\f@nch@O@elf=\skip65
\f@nch@O@erf=\skip66
\f@nch@O@olf=\skip67
\f@nch@O@orf=\skip68
)
(/usr/share/texlive/texmf-dist/tex/latex/listings/listings.sty
\lst@mode=\count317
\lst@gtempboxa=\box61
\lst@token=\toks32
\lst@length=\count318
\lst@currlwidth=\dimen273
\lst@column=\count319
\lst@pos=\count320
\lst@lostspace=\dimen274
\lst@width=\dimen275
\lst@newlines=\count321
\lst@lineno=\count322
\lst@maxwidth=\dimen276

(/usr/share/texlive/texmf-dist/tex/latex/listings/lstmisc.sty
File: lstmisc.sty 2019/09/10 1.8c (Carsten Heinz)
\c@lstnumber=\count323
\lst@skipnumbers=\count324
\lst@framebox=\box62
)
(/usr/share/texlive/texmf-dist/tex/latex/listings/listings.cfg
File: listings.cfg 2019/09/10 1.8c listings configuration
))
Package: listings 2019/09/10 1.8c (Carsten Heinz)
)
runsystem(which pygmentize && touch main.aex)...executed.

runsystem(rm main.aex)...executed.


(/usr/share/texlive/texmf-dist/tex/latex/l3backend/l3backend-pdfmode.def
File: l3backend-pdfmode.def 2020-02-03 L3 backend support: PDF mode
\l__kernel_color_stack_int=\count325
\l__pdf_internal_box=\box63
)
(./main.aux
LaTeX Info: Redefining \. on input line 26.
LaTeX Info: Redefining \% on input line 26.
)
\openout1 = `main.aux'.

LaTeX Font Info:    Checking defaults for OML/cmm/m/it on input line 3.
LaTeX Font Info:    ... okay on input line 3.
LaTeX Font Info:    Checking defaults for OMS/cmsy/m/n on input line 3.
LaTeX Font Info:    ... okay on input line 3.
LaTeX Font Info:    Checking defaults for OT1/cmr/m/n on input line 3.
LaTeX Font Info:    ... okay on input line 3.
LaTeX Font Info:    Checking defaults for T1/cmr/m/n on input line 3.
LaTeX Font Info:    ... okay on input line 3.
LaTeX Font Info:    Checking defaults for TS1/cmr/m/n on input line 3.
LaTeX Font Info:    ... okay on input line 3.
LaTeX Font Info:    Checking defaults for OMX/cmex/m/n on input line 3.
LaTeX Font Info:    ... okay on input line 3.
LaTeX Font Info:    Checking defaults for U/cmr/m/n on input line 3.
LaTeX Font Info:    ... okay on input line 3.
LaTeX Font Info:    Checking defaults for PD1/pdf/m/n on input line 3.
LaTeX Font Info:    ... okay on input line 3.
LaTeX Info: Redefining \. on input line 3.
LaTeX Info: Redefining \% on input line 3.
\AtBeginShipoutBox=\box64
Package hyperref Info: Link coloring OFF on input line 3.
 (/usr/share/texlive/texmf-dist/tex/latex/hyperref/nameref.sty
Package: nameref 2019/09/16 v2.46 Cross-referencing by name of section

(/usr/share/texlive/texmf-dist/tex/latex/refcount/refcount.sty
Package: refcount 2019/12/15 v3.6 Data extraction from label references (HO)
)
(/usr/share/texlive/texmf-dist/tex/generic/gettitlestring/gettitlestring.sty
Package: gettitlestring 2019/12/15 v1.6 Cleanup title references (HO)
)
\c@section@level=\count326
)
LaTeX Info: Redefining \ref on input line 3.
LaTeX Info: Redefining \pageref on input line 3.
LaTeX Info: Redefining \nameref on input line 3.

(./main.out) (./main.out)
\@outlinefile=\write6
\openout6 = `main.out'.


*geometry* driver: auto-detecting
*geometry* detected driver: pdftex
*geometry* verbose mode - [ preamble ] result:
* driver: pdftex
* paper: a4paper
* layout: <same size as paper>
* layoutoffset:(h,v)=(0.0pt,0.0pt)
* modes: 
* h-part:(L,W,R)=(82.51282pt, 432.48224pt, 82.51282pt)
* v-part:(T,H,B)=(82.51282pt, 680.02121pt, 82.51282pt)
* \paperwidth=597.50787pt
* \paperheight=845.04684pt
* \textwidth=432.48224pt
* \textheight=680.02121pt
* \oddsidemargin=10.24283pt
* \evensidemargin=10.24283pt
* \topmargin=-26.75717pt
* \headheight=48.0pt
* \headsep=25.0pt
* \topskip=11.0pt
* \footskip=30.0pt
* \marginparwidth=50.0pt
* \marginparsep=10.0pt
* \columnsep=10.0pt
* \skip\footins=10.0pt plus 4.0pt minus 2.0pt
* \hoffset=0.0pt
* \voffset=0.0pt
* \mag=1000
* \@twocolumnfalse
* \@twosidefalse
* \@mparswitchfalse
* \@reversemarginfalse
* (1in=72.27pt=25.4mm, 1cm=28.453pt)

(/usr/share/texlive/texmf-dist/tex/context/base/mkii/supp-pdf.mkii
[Loading MPS to PDF converter (version 2006.09.02).]
\scratchcounter=\count327
\scratchdimen=\dimen277
\scratchbox=\box65
\nofMPsegments=\count328
\nofMParguments=\count329
\everyMPshowfont=\toks33
\MPscratchCnt=\count330
\MPscratchDim=\dimen278
\MPnumerator=\count331
\makeMPintoPDFobject=\count332
\everyMPtoPDFconversion=\toks34
) (/usr/share/texlive/texmf-dist/tex/latex/epstopdf-pkg/epstopdf-base.sty
Package: epstopdf-base 2020-01-24 v2.11 Base part for package epstopdf
Package epstopdf-base Info: Redefining graphics rule for `.eps' on input line 4
85.

(/usr/share/texlive/texmf-dist/tex/latex/latexconfig/epstopdf-sys.cfg
File: epstopdf-sys.cfg 2010/07/13 v1.3 Configuration of (r)epstopdf for TeX Liv
e
))
Package caption Info: Begin \AtBeginDocument code.
Package caption Info: listings package is loaded.
Package caption Info: End \AtBeginDocument code.

(/usr/share/texlive/texmf-dist/tex/latex/base/textcomp.sty
Package: textcomp 2020/02/02 v2.0n Standard LaTeX package
)
\c@lstlisting=\count333

(./contenido/encabezado.tex
<images/dZNbudei.jpg, id=164, 401.5pt x 401.5pt>
File: images/dZNbudei.jpg Graphic file (type jpg)
<use images/dZNbudei.jpg>
Package pdftex.def Info: images/dZNbudei.jpg  used on input line 4.
(pdftex.def)             Requested size: 259.49197pt x 259.50769pt.


LaTeX Font Warning: Font shape `OT1/cmr/bx/sc' undefined
(Font)              using `OT1/cmr/bx/n' instead on input line 6.

[1

{/var/lib/texmf/fonts/map/pdftex/updmap/pdftex.map} <./images/dZNbudei.jpg>]
(./main.toc
LaTeX Info: Redefining \. on input line 1.
LaTeX Info: Redefining \% on input line 1.
)
\tf@toc=\write7
\openout7 = `main.toc'.

File: images/dZNbudei.jpg Graphic file (type jpg)
<use images/dZNbudei.jpg>
Package pdftex.def Info: images/dZNbudei.jpg  used on input line 21.
(pdftex.def)             Requested size: 42.67642pt x 42.67912pt.
<images/logo-tecnm.png, id=213, 90.3375pt x 38.39343pt>
File: images/logo-tecnm.png Graphic file (type png)
<use images/logo-tecnm.png>
Package pdftex.def Info: images/logo-tecnm.png  used on input line 21.
(pdftex.def)             Requested size: 71.13188pt x 30.23146pt.
pdfTeX warning (ext4): destination with the same identifier (name{page.1}) has 
been already used, duplicate ignored
<to be read again> 
                   \relax 
l.21 \newpage
              [1 <./images/logo-tecnm.png>]) (./contenido/variablesfiscas.tex
File: images/dZNbudei.jpg Graphic file (type jpg)
<use images/dZNbudei.jpg>
Package pdftex.def Info: images/dZNbudei.jpg  used on input line 55.
(pdftex.def)             Requested size: 42.67642pt x 42.67912pt.
File: images/logo-tecnm.png Graphic file (type png)
<use images/logo-tecnm.png>
Package pdftex.def Info: images/logo-tecnm.png  used on input line 55.
(pdftex.def)             Requested size: 71.13188pt x 30.23146pt.

[2]
File: images/dZNbudei.jpg Graphic file (type jpg)
<use images/dZNbudei.jpg>
Package pdftex.def Info: images/dZNbudei.jpg  used on input line 120.
(pdftex.def)             Requested size: 42.67642pt x 42.67912pt.
File: images/logo-tecnm.png Graphic file (type png)
<use images/logo-tecnm.png>
Package pdftex.def Info: images/logo-tecnm.png  used on input line 120.
(pdftex.def)             Requested size: 71.13188pt x 30.23146pt.
 [3]

LaTeX Warning: Command \' invalid in math mode on input line 128.

! Please use \mathaccent for accents in math mode.
\add@accent ... \let \ignorespaces \relax \accent 
                                                  #1 #2\egroup \spacefactor ...
l.128 suelo recibe 144 calor√≠as $d√≠
                                     a^{-1}* cm^{-2}$.  Obviamente, este val...
I'm changing \accent to \mathaccent here; wish me luck.
(Accents are not the same in formulas as they are in text.)

! Missing { inserted.
<to be read again> 
                   \begingroup 
l.128 suelo recibe 144 calor√≠as $d√≠
                                     a^{-1}* cm^{-2}$.  Obviamente, este val...
A left brace was mandatory here, so I've put one in.
You might want to delete and/or insert some corrections
so that I will find a matching right brace soon.
(If you're confused by all this, try typing `I}' now.)


LaTeX Warning: Command \i invalid in math mode on input line 128.

! You can't use `\spacefactor' in math mode.
\add@accent ... \accent #1 #2\egroup \spacefactor 
                                                  \accent@spacefactor 
l.128 suelo recibe 144 calor√≠as $d√≠
                                     a^{-1}* cm^{-2}$.  Obviamente, este val...
Sorry, but I'm not programmed to handle this case;
I'll just pretend that you didn't ask for it.
If you're in the wrong mode, you might be able to
return to the right one by typing `I}' or `I$' or `I\par'.

! Missing } inserted.
<inserted text> 
                }
l.128 ...recibe 144 calor√≠as $d√≠a^{-1}* cm^{-2}$
                                                  .  Obviamente, este valor ...
I've inserted something that you may have forgotten.
(See the <inserted text> above.)
With luck, this will get me unwedged. But if you
really didn't forget anything, try typing `2' now; then
my insertion and my current dilemma will both disappear.

Missing character: There is no Ë in font cmex10!
File: images/dZNbudei.jpg Graphic file (type jpg)
<use images/dZNbudei.jpg>
Package pdftex.def Info: images/dZNbudei.jpg  used on input line 178.
(pdftex.def)             Requested size: 42.67642pt x 42.67912pt.
File: images/logo-tecnm.png Graphic file (type png)
<use images/logo-tecnm.png>
Package pdftex.def Info: images/logo-tecnm.png  used on input line 178.
(pdftex.def)             Requested size: 71.13188pt x 30.23146pt.
[4]

! Package xkeyval Error: `heigh' undefined in families `Gin'.

See the xkeyval package documentation for explanation.
Type  H <return>  for immediate help.
 ...                                              
                                                  
l.182     heigh=7cm]{images/temperaturasuelo.JPG}
                                                 
Try typing  <return>  to proceed.
If that doesn't work, type  X <return>  to quit.

<images/temperaturasuelo.JPG, id=259, 314.67563pt x 362.10281pt>
File: images/temperaturasuelo.JPG Graphic file (type jpg)
<use images/temperaturasuelo.JPG>
Package pdftex.def Info: images/temperaturasuelo.JPG  used on input line 182.
(pdftex.def)             Requested size: 432.48224pt x 497.69121pt.
File: images/dZNbudei.jpg Graphic file (type jpg)
<use images/dZNbudei.jpg>
Package pdftex.def Info: images/dZNbudei.jpg  used on input line 194.
(pdftex.def)             Requested size: 42.67642pt x 42.67912pt.
File: images/logo-tecnm.png Graphic file (type png)
<use images/logo-tecnm.png>
Package pdftex.def Info: images/logo-tecnm.png  used on input line 194.
(pdftex.def)             Requested size: 71.13188pt x 30.23146pt.
[5 <./images/temperaturasuelo.JPG>]
File: images/dZNbudei.jpg Graphic file (type jpg)
<use images/dZNbudei.jpg>
Package pdftex.def Info: images/dZNbudei.jpg  used on input line 248.
(pdftex.def)             Requested size: 42.67642pt x 42.67912pt.
File: images/logo-tecnm.png Graphic file (type png)
<use images/logo-tecnm.png>
Package pdftex.def Info: images/logo-tecnm.png  used on input line 248.
(pdftex.def)             Requested size: 71.13188pt x 30.23146pt.
 [6]) (./contenido/detalles_monitoreo.tex
<images/mqtt-architecture.png, id=278, 1204.5pt x 633.36626pt>
File: images/mqtt-architecture.png Graphic file (type png)
<use images/mqtt-architecture.png>
Package pdftex.def Info: images/mqtt-architecture.png  used on input line 12.
(pdftex.def)             Requested size: 378.75786pt x 199.16351pt.
<images/logo-telegraf-1.jpg, id=280, 361.35pt x 188.705pt>
File: images/logo-telegraf-1.jpg Graphic file (type jpg)
<use images/logo-telegraf-1.jpg>
Package pdftex.def Info: images/logo-telegraf-1.jpg  used on input line 29.
(pdftex.def)             Requested size: 272.41785pt x 142.26263pt.
File: images/dZNbudei.jpg Graphic file (type jpg)
<use images/dZNbudei.jpg>
Package pdftex.def Info: images/dZNbudei.jpg  used on input line 32.
(pdftex.def)             Requested size: 42.67642pt x 42.67912pt.
File: images/logo-tecnm.png Graphic file (type png)
<use images/logo-tecnm.png>
Package pdftex.def Info: images/logo-tecnm.png  used on input line 32.
(pdftex.def)             Requested size: 71.13188pt x 30.23146pt.

[7 <./images/mqtt-architecture.png>]
<images/Influxdb_logo.svg_.png, id=290, 1204.5pt x 446.66875pt>
File: images/Influxdb_logo.svg_.png Graphic file (type png)
<use images/Influxdb_logo.svg_.png>
Package pdftex.def Info: images/Influxdb_logo.svg_.png  used on input line 44.
(pdftex.def)             Requested size: 383.62834pt x 142.26216pt.
<images/1200px-Grafana_logo.svg.png, id=291, 1204.5pt x 1228.59pt>
File: images/1200px-Grafana_logo.svg.png Graphic file (type png)
<use images/1200px-Grafana_logo.svg.png>
Package pdftex.def Info: images/1200px-Grafana_logo.svg.png  used on input line
 55.
(pdftex.def)             Requested size: 139.4611pt x 142.25034pt.
File: images/dZNbudei.jpg Graphic file (type jpg)
<use images/dZNbudei.jpg>
Package pdftex.def Info: images/dZNbudei.jpg  used on input line 59.
(pdftex.def)             Requested size: 42.67642pt x 42.67912pt.
File: images/logo-tecnm.png Graphic file (type png)
<use images/logo-tecnm.png>
Package pdftex.def Info: images/logo-tecnm.png  used on input line 59.
(pdftex.def)             Requested size: 71.13188pt x 30.23146pt.
 [8 <./images/logo-telegraf-1.jpg> <./images/Influxdb_logo.svg_.png>]) (./conte
nido/antecendentes.tex
File: images/dZNbudei.jpg Graphic file (type jpg)
<use images/dZNbudei.jpg>
Package pdftex.def Info: images/dZNbudei.jpg  used on input line 21.
(pdftex.def)             Requested size: 42.67642pt x 42.67912pt.
File: images/logo-tecnm.png Graphic file (type png)
<use images/logo-tecnm.png>
Package pdftex.def Info: images/logo-tecnm.png  used on input line 21.
(pdftex.def)             Requested size: 71.13188pt x 30.23146pt.
 [9 <./images/1200px-Grafana_logo.svg.png>])
File: images/dZNbudei.jpg Graphic file (type jpg)
<use images/dZNbudei.jpg>
Package pdftex.def Info: images/dZNbudei.jpg  used on input line 47.
(pdftex.def)             Requested size: 42.67642pt x 42.67912pt.
File: images/logo-tecnm.png Graphic file (type png)
<use images/logo-tecnm.png>
Package pdftex.def Info: images/logo-tecnm.png  used on input line 47.
(pdftex.def)             Requested size: 71.13188pt x 30.23146pt.
 [10]
File: images/dZNbudei.jpg Graphic file (type jpg)
<use images/dZNbudei.jpg>
Package pdftex.def Info: images/dZNbudei.jpg  used on input line 104.
(pdftex.def)             Requested size: 42.67642pt x 42.67912pt.
File: images/logo-tecnm.png Graphic file (type png)
<use images/logo-tecnm.png>
Package pdftex.def Info: images/logo-tecnm.png  used on input line 104.
(pdftex.def)             Requested size: 71.13188pt x 30.23146pt.
 [11] (./contenido/algoritmos_de_referencia.tex)
(./contenido/redesneuronalessec.tex
File: images/dZNbudei.jpg Graphic file (type jpg)
<use images/dZNbudei.jpg>
Package pdftex.def Info: images/dZNbudei.jpg  used on input line 4.
(pdftex.def)             Requested size: 42.67642pt x 42.67912pt.
File: images/logo-tecnm.png Graphic file (type png)
<use images/logo-tecnm.png>
Package pdftex.def Info: images/logo-tecnm.png  used on input line 4.
(pdftex.def)             Requested size: 71.13188pt x 30.23146pt.
 [12]
File: images/dZNbudei.jpg Graphic file (type jpg)
<use images/dZNbudei.jpg>
Package pdftex.def Info: images/dZNbudei.jpg  used on input line 58.
(pdftex.def)             Requested size: 42.67642pt x 42.67912pt.
File: images/logo-tecnm.png Graphic file (type png)
<use images/logo-tecnm.png>
Package pdftex.def Info: images/logo-tecnm.png  used on input line 58.
(pdftex.def)             Requested size: 71.13188pt x 30.23146pt.
 [13]
File: images/dZNbudei.jpg Graphic file (type jpg)
<use images/dZNbudei.jpg>
Package pdftex.def Info: images/dZNbudei.jpg  used on input line 122.
(pdftex.def)             Requested size: 42.67642pt x 42.67912pt.
File: images/logo-tecnm.png Graphic file (type png)
<use images/logo-tecnm.png>
Package pdftex.def Info: images/logo-tecnm.png  used on input line 122.
(pdftex.def)             Requested size: 71.13188pt x 30.23146pt.
 [14]
File: images/dZNbudei.jpg Graphic file (type jpg)
<use images/dZNbudei.jpg>
Package pdftex.def Info: images/dZNbudei.jpg  used on input line 173.
(pdftex.def)             Requested size: 42.67642pt x 42.67912pt.
File: images/logo-tecnm.png Graphic file (type png)
<use images/logo-tecnm.png>
Package pdftex.def Info: images/logo-tecnm.png  used on input line 173.
(pdftex.def)             Requested size: 71.13188pt x 30.23146pt.
 [15])
(./contenido/detalles_modelado.tex
(/usr/share/texlive/texmf-dist/tex/latex/listings/lstlang1.sty
File: lstlang1.sty 2019/09/10 1.8c listings language file
)
Package hyperref Info: bookmark level for unknown lstlisting defaults to 0 on i
nput line 18.

Overfull \hbox (5.2054pt too wide) in paragraph at lines 43--43
[]|\OT1/cmr/m/n/10.95 Temperatura
 []


Underfull \hbox (badness 10000) in paragraph at lines 43--43
[]|\OT1/cmr/m/n/10.95 Humedad
 []


Underfull \hbox (badness 10000) in paragraph at lines 43--43
[]|\OT1/cmr/m/n/10.95 Velocidad
 []


Underfull \hbox (badness 10000) in paragraph at lines 44--44
[]|\OT1/cmr/m/n/10.95 Radiaci^^Son
 []

File: images/dZNbudei.jpg Graphic file (type jpg)
<use images/dZNbudei.jpg>
Package pdftex.def Info: images/dZNbudei.jpg  used on input line 62.
(pdftex.def)             Requested size: 42.67642pt x 42.67912pt.
File: images/logo-tecnm.png Graphic file (type png)
<use images/logo-tecnm.png>
Package pdftex.def Info: images/logo-tecnm.png  used on input line 62.
(pdftex.def)             Requested size: 71.13188pt x 30.23146pt.
[16]
LaTeX Font Info:    Trying to load font information for TS1+cmtt on input line 
71.
 (/usr/share/texlive/texmf-dist/tex/latex/base/ts1cmtt.fd
File: ts1cmtt.fd 2019/12/16 v2.5j Standard LaTeX font definitions
)
File: images/dZNbudei.jpg Graphic file (type jpg)
<use images/dZNbudei.jpg>
Package pdftex.def Info: images/dZNbudei.jpg  used on input line 123.
(pdftex.def)             Requested size: 42.67642pt x 42.67912pt.
File: images/logo-tecnm.png Graphic file (type png)
<use images/logo-tecnm.png>
Package pdftex.def Info: images/logo-tecnm.png  used on input line 123.
(pdftex.def)             Requested size: 71.13188pt x 30.23146pt.
 [17]
<images/funcionesdeactivacione.png, id=425, 722.7pt x 433.62pt>
File: images/funcionesdeactivacione.png Graphic file (type png)
<use images/funcionesdeactivacione.png>
Package pdftex.def Info: images/funcionesdeactivacione.png  used on input line 
184.
(pdftex.def)             Requested size: 331.9498pt x 199.16988pt.
File: images/dZNbudei.jpg Graphic file (type jpg)
<use images/dZNbudei.jpg>
Package pdftex.def Info: images/dZNbudei.jpg  used on input line 188.
(pdftex.def)             Requested size: 42.67642pt x 42.67912pt.
File: images/logo-tecnm.png Graphic file (type png)
<use images/logo-tecnm.png>
Package pdftex.def Info: images/logo-tecnm.png  used on input line 188.
(pdftex.def)             Requested size: 71.13188pt x 30.23146pt.
 [18]
File: images/dZNbudei.jpg Graphic file (type jpg)
<use images/dZNbudei.jpg>
Package pdftex.def Info: images/dZNbudei.jpg  used on input line 235.
(pdftex.def)             Requested size: 42.67642pt x 42.67912pt.
File: images/logo-tecnm.png Graphic file (type png)
<use images/logo-tecnm.png>
Package pdftex.def Info: images/logo-tecnm.png  used on input line 235.
(pdftex.def)             Requested size: 71.13188pt x 30.23146pt.

[19 <./images/funcionesdeactivacione.png>]
File: images/dZNbudei.jpg Graphic file (type jpg)
<use images/dZNbudei.jpg>
Package pdftex.def Info: images/dZNbudei.jpg  used on input line 299.
(pdftex.def)             Requested size: 42.67642pt x 42.67912pt.
File: images/logo-tecnm.png Graphic file (type png)
<use images/logo-tecnm.png>
Package pdftex.def Info: images/logo-tecnm.png  used on input line 299.
(pdftex.def)             Requested size: 71.13188pt x 30.23146pt.
 [20]
Overfull \hbox (33.80962pt too wide) in paragraph at lines 348--353
\OT1/cmr/m/n/10.95 bi^^Sen lla-ma-da de ca-pas den-sas: [2,dro-pout(0.2),64,dro
pout(0.2),128,dropout(0.2),32,dropout(0.2),1];
 []

<images/resultados-modelo1-dispersion.png, id=483, 722.7pt x 433.62pt>
File: images/resultados-modelo1-dispersion.png Graphic file (type png)
<use images/resultados-modelo1-dispersion.png>
Package pdftex.def Info: images/resultados-modelo1-dispersion.png  used on inpu
t line 360.
(pdftex.def)             Requested size: 331.9498pt x 199.16988pt.
File: images/dZNbudei.jpg Graphic file (type jpg)
<use images/dZNbudei.jpg>
Package pdftex.def Info: images/dZNbudei.jpg  used on input line 364.
(pdftex.def)             Requested size: 42.67642pt x 42.67912pt.
File: images/logo-tecnm.png Graphic file (type png)
<use images/logo-tecnm.png>
Package pdftex.def Info: images/logo-tecnm.png  used on input line 364.
(pdftex.def)             Requested size: 71.13188pt x 30.23146pt.
[21]) (./contenido/configuracion_monitor.tex
<./svg-inkscape/arquitectura_telemetria_svg-raw.pdf, id=522, 1036.99922pt x 361
.72641pt>
File: ./svg-inkscape/arquitectura_telemetria_svg-raw.pdf Graphic file (type pdf
)
<use ./svg-inkscape/arquitectura_telemetria_svg-raw.pdf>
Package pdftex.def Info: ./svg-inkscape/arquitectura_telemetria_svg-raw.pdf  us
ed on input line 7.
(pdftex.def)             Requested size: 1036.9967pt x 361.72552pt.
Package svg-extract Info: The preamble file `./main.tex'
(svg-extract)             is used for the generation of the auxiliary file
(svg-extract)             `1-arquitectura_telemetria_svg-raw.tex' on input line
 7.
\openout5 = `1-arquitectura_telemetria_svg-raw.tex'.

\openout5 = `1-arquitectura_telemetria_svg-raw.tex'.

File: images/dZNbudei.jpg Graphic file (type jpg)
<use images/dZNbudei.jpg>
Package pdftex.def Info: images/dZNbudei.jpg  used on input line 16.
(pdftex.def)             Requested size: 42.67642pt x 42.67912pt.
File: images/logo-tecnm.png Graphic file (type png)
<use images/logo-tecnm.png>
Package pdftex.def Info: images/logo-tecnm.png  used on input line 16.
(pdftex.def)             Requested size: 71.13188pt x 30.23146pt.
 [22 <./images/resultados-modelo1-dispersion.png> <./svg-inkscape/arquitectura_
telemetria_svg-raw.pdf>]
\openout3 = `main.pyg'.


(./_minted-main/default-pyg-prefix.pygstyle) (./_minted-main/default.pygstyle)
(./_minted-main/41E5F9DE68DAB52C29C11C876EFAC88D08263F126930C86C1BCDD774D10BFD2
5.pygtex
LaTeX Font Info:    Font shape `OT1/cmtt/bx/n' in size <10.95> not available
(Font)              Font shape `OT1/cmtt/m/n' tried instead on input line 2.
)
\openout3 = `main.pyg'.


(./_minted-main/8908BD48B09B0B77187A33F6D175653908263F126930C86C1BCDD774D10BFD2
5.pygtex)
\openout3 = `main.pyg'.


(./_minted-main/B21367B812CEB8C5C2A7231C47D2D61C08263F126930C86C1BCDD774D10BFD2
5.pygtex)
File: images/dZNbudei.jpg Graphic file (type jpg)
<use images/dZNbudei.jpg>
Package pdftex.def Info: images/dZNbudei.jpg  used on input line 80.
(pdftex.def)             Requested size: 42.67642pt x 42.67912pt.
File: images/logo-tecnm.png Graphic file (type png)
<use images/logo-tecnm.png>
Package pdftex.def Info: images/logo-tecnm.png  used on input line 80.
(pdftex.def)             Requested size: 71.13188pt x 30.23146pt.
 [23]
\openout3 = `main.pyg'.


(./_minted-main/D5569AD119AC56ED7B2A1B7D4A03C0445093E84BEA004B2911D4DA186861F6D
B.pygtex)
\openout3 = `main.pyg'.


(./_minted-main/8E877621DC5EB1DAE3DB6DDF0EF5FF805093E84BEA004B2911D4DA186861F6D
B.pygtex)
\openout3 = `main.pyg'.


(./_minted-main/32E24AAB357A284C059436507180A1AA5093E84BEA004B2911D4DA186861F6D
B.pygtex)
File: images/dZNbudei.jpg Graphic file (type jpg)
<use images/dZNbudei.jpg>
Package pdftex.def Info: images/dZNbudei.jpg  used on input line 143.
(pdftex.def)             Requested size: 42.67642pt x 42.67912pt.
File: images/logo-tecnm.png Graphic file (type png)
<use images/logo-tecnm.png>
Package pdftex.def Info: images/logo-tecnm.png  used on input line 143.
(pdftex.def)             Requested size: 71.13188pt x 30.23146pt.
 [24]
\openout3 = `main.pyg'.


(./_minted-main/A0119A93AC6CC0D03B63C65D2AD2866608263F126930C86C1BCDD774D10BFD2
5.pygtex)
\openout3 = `main.pyg'.


(./_minted-main/E555A1149CDF72ACA763C26D2779D57308263F126930C86C1BCDD774D10BFD2
5.pygtex)
File: images/dZNbudei.jpg Graphic file (type jpg)
<use images/dZNbudei.jpg>
Package pdftex.def Info: images/dZNbudei.jpg  used on input line 204.
(pdftex.def)             Requested size: 42.67642pt x 42.67912pt.
File: images/logo-tecnm.png Graphic file (type png)
<use images/logo-tecnm.png>
Package pdftex.def Info: images/logo-tecnm.png  used on input line 204.
(pdftex.def)             Requested size: 71.13188pt x 30.23146pt.
 [25]
\openout3 = `main.pyg'.


(./_minted-main/587832E54F848821DA1F509E31CBE5B508263F126930C86C1BCDD774D10BFD2
5.pygtex)
\openout3 = `main.pyg'.


(./_minted-main/37ACD3451BFA8A1116DE451BB3987FDD08263F126930C86C1BCDD774D10BFD2
5.pygtex)
File: images/dZNbudei.jpg Graphic file (type jpg)
<use images/dZNbudei.jpg>
Package pdftex.def Info: images/dZNbudei.jpg  used on input line 264.
(pdftex.def)             Requested size: 42.67642pt x 42.67912pt.
File: images/logo-tecnm.png Graphic file (type png)
<use images/logo-tecnm.png>
Package pdftex.def Info: images/logo-tecnm.png  used on input line 264.
(pdftex.def)             Requested size: 71.13188pt x 30.23146pt.
 [26]
\openout3 = `main.pyg'.


(./_minted-main/D94CF3CB37E13D3832D390630C661F7D08263F126930C86C1BCDD774D10BFD2
5.pygtex)
\openout3 = `main.pyg'.


(./_minted-main/B69AC322F2299C75CACB18BB3D96441708263F126930C86C1BCDD774D10BFD2
5.pygtex
File: images/dZNbudei.jpg Graphic file (type jpg)
<use images/dZNbudei.jpg>
Package pdftex.def Info: images/dZNbudei.jpg  used on input line 21.
(pdftex.def)             Requested size: 42.67642pt x 42.67912pt.
File: images/logo-tecnm.png Graphic file (type png)
<use images/logo-tecnm.png>
Package pdftex.def Info: images/logo-tecnm.png  used on input line 21.
(pdftex.def)             Requested size: 71.13188pt x 30.23146pt.
 [27])
File: images/dZNbudei.jpg Graphic file (type jpg)
<use images/dZNbudei.jpg>
Package pdftex.def Info: images/dZNbudei.jpg  used on input line 381.
(pdftex.def)             Requested size: 42.67642pt x 42.67912pt.
File: images/logo-tecnm.png Graphic file (type png)
<use images/logo-tecnm.png>
Package pdftex.def Info: images/logo-tecnm.png  used on input line 381.
(pdftex.def)             Requested size: 71.13188pt x 30.23146pt.
 [28]) (./main.bbl
Underfull \hbox (badness 10000) in paragraph at lines 52--55
\OT1/cmr/m/n/10.95 123456789 / 71313 / 305 % 20Vladimir % 20C % C3 % A1ceres % 
20-[] % 20Aplicaci % C3 % B3n %
 []


Underfull \hbox (badness 10000) in paragraph at lines 52--55
\OT1/cmr/m/n/10.95 20de % 20t % C3 % A9cnicas % 20de % 20aprendizaje % 20autom 
% C3 % A1tico % 20para %
 []


Underfull \hbox (badness 10000) in paragraph at lines 52--55
\OT1/cmr/m/n/10.95 20la % 20agricultura % 20altoandina % 20de % 20Per % C3 % BA
 % 20(A203 % 2009 . 08 . 2017 %
 []

** WARNING: IEEEtran.bst: No hyphenation pattern has been
** loaded for the language `English'. Using the pattern for
** the default language instead.
) (./anexos/cronograma.tex
Overfull \hbox (5.25955pt too wide) in paragraph at lines 41--41
[]|\OT1/cmr/m/n/10.95 10| 
 []


Overfull \hbox (5.25955pt too wide) in paragraph at lines 41--41
[]|\OT1/cmr/m/n/10.95 11| 
 []


Overfull \hbox (5.25955pt too wide) in paragraph at lines 41--41
[]|\OT1/cmr/m/n/10.95 12| 
 []


Overfull \hbox (5.25955pt too wide) in paragraph at lines 41--41
[]|\OT1/cmr/m/n/10.95 13| 
 []


Overfull \hbox (5.25955pt too wide) in paragraph at lines 41--41
[]|\OT1/cmr/m/n/10.95 14| 
 []


Overfull \hbox (5.25955pt too wide) in paragraph at lines 41--41
[]|\OT1/cmr/m/n/10.95 15| 
 []


Overfull \hbox (5.25955pt too wide) in paragraph at lines 41--41
[]|\OT1/cmr/m/n/10.95 16| 
 []

File: images/dZNbudei.jpg Graphic file (type jpg)
<use images/dZNbudei.jpg>
Package pdftex.def Info: images/dZNbudei.jpg  used on input line 45.
(pdftex.def)             Requested size: 42.67642pt x 42.67912pt.
File: images/logo-tecnm.png Graphic file (type png)
<use images/logo-tecnm.png>
Package pdftex.def Info: images/logo-tecnm.png  used on input line 45.
(pdftex.def)             Requested size: 71.13188pt x 30.23146pt.
[29])
Package atveryend Info: Empty hook `BeforeClearDocument' on input line 120.
File: images/dZNbudei.jpg Graphic file (type jpg)
<use images/dZNbudei.jpg>
Package pdftex.def Info: images/dZNbudei.jpg  used on input line 120.
(pdftex.def)             Requested size: 42.67642pt x 42.67912pt.
File: images/logo-tecnm.png Graphic file (type png)
<use images/logo-tecnm.png>
Package pdftex.def Info: images/logo-tecnm.png  used on input line 120.
(pdftex.def)             Requested size: 71.13188pt x 30.23146pt.
 [30]
Package atveryend Info: Empty hook `AfterLastShipout' on input line 120.
 (./main.aux
LaTeX Info: Redefining \. on input line 26.
LaTeX Info: Redefining \% on input line 26.
)
Package atveryend Info: Executing hook `AtVeryEndDocument' on input line 120.
runsystem(mkdir -p "./svg-extract/")...executed.

Package svg-extract Info: Running LaTeX (pdflatex) for graphic extraction on in
put line 120.
runsystem(pdflatex  "1-arquitectura_telemetria_svg-raw.tex")...executed.

runsystem(pdflatex  "1-arquitectura_telemetria_svg-raw.tex")...executed.

runsystem(mv "1-arquitectura_telemetria_svg-raw.pdf" "./svg-extract/1-arquitect
ura_telemetria_svg-raw.pdf")...executed.

Package atveryend Info: Executing hook `AtEndAfterFileList' on input line 120.


Package rerunfilecheck Warning: File `main.out' has changed.
(rerunfilecheck)                Rerun to get outlines right
(rerunfilecheck)                or use package `bookmark'.

Package rerunfilecheck Info: Checksums for `main.out':
(rerunfilecheck)             Before: B632EF32711BC06D3D5B10009D5D1FE5;3089
(rerunfilecheck)             After:  E7BAB0C3F87FCDB53CEA6905D7FA3A6E;3076.

LaTeX Font Warning: Some font shapes were not available, defaults substituted.

runsystem(rm main.pyg)...executed.

 ) 
Here is how much of TeX's memory you used:
 16806 strings out of 481239
 277827 string characters out of 5920376
 911394 words of memory out of 5000000
 31375 multiletter control sequences out of 15000+600000
 540861 words of font info for 54 fonts, out of 8000000 for 9000
 1141 hyphenation exceptions out of 8191
 51i,16n,81p,835b,2046s stack positions out of 5000i,500n,10000p,200000b,80000s
{/usr/share/texmf/fonts/enc/dvips/cm-super/cm-super-ts1.enc}</usr/share/texli
ve/texmf-dist/fonts/type1/public/amsfonts/cm/cmbx10.pfb></usr/share/texlive/tex
mf-dist/fonts/type1/public/amsfonts/cm/cmbx12.pfb></usr/share/texlive/texmf-dis
t/fonts/type1/public/amsfonts/cm/cmex10.pfb></usr/share/texlive/texmf-dist/font
s/type1/public/amsfonts/cm/cmmi10.pfb></usr/share/texlive/texmf-dist/fonts/type
1/public/amsfonts/cm/cmmi6.pfb></usr/share/texlive/texmf-dist/fonts/type1/publi
c/amsfonts/cm/cmmi8.pfb></usr/share/texlive/texmf-dist/fonts/type1/public/amsfo
nts/cm/cmr10.pfb></usr/share/texlive/texmf-dist/fonts/type1/public/amsfonts/cm/
cmr6.pfb></usr/share/texlive/texmf-dist/fonts/type1/public/amsfonts/cm/cmr8.pfb
></usr/share/texlive/texmf-dist/fonts/type1/public/amsfonts/cm/cmsy10.pfb></usr
/share/texlive/texmf-dist/fonts/type1/public/amsfonts/cm/cmsy8.pfb></usr/share/
texlive/texmf-dist/fonts/type1/public/amsfonts/cm/cmti10.pfb></usr/share/texliv
e/texmf-dist/fonts/type1/public/amsfonts/cm/cmtt10.pfb></usr/share/texlive/texm
f-dist/fonts/type1/public/amsfonts/cm/cmtt9.pfb></usr/share/texmf/fonts/type1/p
ublic/cm-super/sfrm1095.pfb></usr/share/texmf/fonts/type1/public/cm-super/sftt0
900.pfb>
Output written on main.pdf (31 pages, 773003 bytes).
PDF statistics:
 779 PDF objects out of 1000 (max. 8388607)
 700 compressed objects within 7 object streams
 303 named destinations out of 1000 (max. 500000)
 371 words of extra memory for PDF output out of 10000 (max. 10000000)

